<?xml version="1.0" encoding="UTF-8"?>
<!-- Generated by org.testng.reporters.JUnitReportReporter -->
<testsuite hostname="Lenovo" failures="0" tests="1" name="testCases.TC_Register_001" time="3.902" errors="0" timestamp="2024-12-07T20:58:24 IST" skipped="0">
  <testcase classname="testCases.TC_Register_001" name="testSignUpWithEmptyNameField" time="3.902"/>
</testsuite> <!-- testCases.TC_Register_001 -->
