<?xml version="1.0" encoding="UTF-8"?>
<!-- Generated by org.testng.reporters.JUnitReportReporter -->
<testsuite hostname="Lenovo" failures="0" tests="7" name="testCases.TC_Login_SigninDDT" time="36.305" errors="0" timestamp="2024-12-07T20:55:35 IST" skipped="0">
  <testcase classname="testCases.TC_Login_SigninDDT" name="testSigninWithValidCredentials" time="2.191"/>
  <testcase classname="testCases.TC_Login_SigninDDT" name="testSigninWithValidCredentials" time="3.900"/>
  <testcase classname="testCases.TC_Login_SigninDDT" name="testSigninWithValidCredentials" time="15.606"/>
  <testcase classname="testCases.TC_Login_SigninDDT" name="testSigninWithValidCredentials" time="2.599"/>
  <testcase classname="testCases.TC_Login_SigninDDT" name="testSigninWithValidCredentials" time="7.098"/>
  <testcase classname="testCases.TC_Login_SigninDDT" name="testSigninWithValidCredentials" time="2.556"/>
  <testcase classname="testCases.TC_Login_SigninDDT" name="testSigninWithValidCredentials" time="2.355"/>
</testsuite> <!-- testCases.TC_Login_SigninDDT -->
