<?xml version="1.0" encoding="UTF-8"?>
<!-- Generated by org.testng.reporters.JUnitReportReporter -->
<testsuite hostname="Lenovo" failures="0" tests="1" name="testCases.TC_RF_019" time="5.521" errors="0" timestamp="2024-11-27T23:35:16 IST" skipped="0">
  <testcase classname="testCases.TC_RF_019" name="testAccountEmailFieldMatchesSignupName" time="5.521"/>
</testsuite> <!-- testCases.TC_RF_019 -->
