<?xml version="1.0" encoding="UTF-8"?>
<!-- Generated by org.testng.reporters.JUnitReportReporter -->
<testsuite hostname="Lenovo" failures="0" tests="1" name="testCases.TC_LF_004" time="3.555" errors="0" timestamp="2024-11-28T12:42:21 IST" skipped="0">
  <testcase classname="testCases.TC_LF_004" name="testSigninWithInvalidPassword" time="3.555"/>
</testsuite> <!-- testCases.TC_LF_004 -->
