<?xml version="1.0" encoding="UTF-8"?>
<!-- Generated by org.testng.reporters.JUnitReportReporter -->
<testsuite hostname="Lenovo" failures="0" tests="1" name="testCases.TC_Cart_005" time="13.079" errors="0" timestamp="2024-11-29T23:38:00 IST" skipped="0">
  <testcase classname="testCases.TC_Cart_005" name="testProductsPageNavigateToCartviaPopupLink" time="13.079"/>
</testsuite> <!-- testCases.TC_Cart_005 -->
