<?xml version="1.0" encoding="UTF-8"?>
<!-- Generated by org.testng.reporters.JUnitReportReporter -->
<testsuite hostname="Lenovo" failures="0" tests="1" name="testCases.TC_Cart_013" time="24.465" errors="0" timestamp="2024-12-01T00:12:55 IST" skipped="0">
  <testcase classname="testCases.TC_Cart_013" name="testItemDeletionFromMultipleCartItems" time="24.465"/>
</testsuite> <!-- testCases.TC_Cart_013 -->
