<?xml version="1.0" encoding="UTF-8"?>
<!-- Generated by org.testng.reporters.JUnitReportReporter -->
<testsuite hostname="Lenovo" failures="0" tests="1" name="testCases.TC_RF_014" time="6.311" errors="0" timestamp="2024-11-27T22:53:17 IST" skipped="0">
  <testcase classname="testCases.TC_RF_014" name="testSignUpWithoutAddressCity" time="6.311"/>
</testsuite> <!-- testCases.TC_RF_014 -->
