<?xml version="1.0" encoding="UTF-8"?>
<!-- Generated by org.testng.reporters.JUnitReportReporter -->
<testsuite hostname="Lenovo" failures="0" tests="1" name="testCases.TC_Cart_003" time="10.919" errors="0" timestamp="2024-11-29T23:35:30 IST" skipped="0">
  <testcase classname="testCases.TC_Cart_003" name="testCartAdditionPopUp" time="10.919"/>
</testsuite> <!-- testCases.TC_Cart_003 -->
