<?xml version="1.0" encoding="UTF-8"?>
<!-- Generated by org.testng.reporters.JUnitReportReporter -->
<testsuite hostname="Lenovo" failures="0" tests="1" name="testCases.TC_LF_003" time="13.094" errors="0" timestamp="2024-11-28T12:42:01 IST" skipped="0">
  <testcase classname="testCases.TC_LF_003" name="testSigninWithInvalidPassword" time="13.094"/>
</testsuite> <!-- testCases.TC_LF_003 -->
