<?xml version="1.0" encoding="UTF-8"?>
<!-- Generated by org.testng.reporters.JUnitReportReporter -->
<testsuite hostname="Lenovo" failures="0" tests="1" name="testCases.TC_LF_007" time="3.184" errors="0" timestamp="2024-11-28T12:43:13 IST" skipped="0">
  <testcase classname="testCases.TC_LF_007" name="testSigninWithMissingPassword" time="3.184"/>
</testsuite> <!-- testCases.TC_LF_007 -->
