<?xml version="1.0" encoding="UTF-8"?>
<!-- Generated by org.testng.reporters.JUnitReportReporter -->
<testsuite hostname="Lenovo" failures="0" tests="1" name="testCases.TC_Logout_001" time="10.854" errors="0" timestamp="2024-11-29T08:48:34 IST" skipped="0">
  <testcase classname="testCases.TC_Logout_001" name="testLogout" time="10.854"/>
</testsuite> <!-- testCases.TC_Logout_001 -->
