<?xml version="1.0" encoding="UTF-8"?>
<!-- Generated by org.testng.reporters.JUnitReportReporter -->
<testsuite hostname="Lenovo" failures="0" tests="1" name="testCases.TC_Cart_011" time="35.425" errors="0" timestamp="2024-12-01T00:02:33 IST" skipped="0">
  <testcase classname="testCases.TC_Cart_011" name="testItemDeletionFromCart" time="35.425"/>
</testsuite> <!-- testCases.TC_Cart_011 -->
