<?xml version="1.0" encoding="UTF-8"?>
<!-- Generated by org.testng.reporters.JUnitReportReporter -->
<testsuite hostname="Lenovo" failures="0" tests="1" name="testCases.TC_Cart_004" time="11.901" errors="0" timestamp="2024-11-29T23:37:23 IST" skipped="0">
  <testcase classname="testCases.TC_Cart_004" name="testAddToCartViaProductDetailPage" time="11.901"/>
</testsuite> <!-- testCases.TC_Cart_004 -->
