<?xml version="1.0" encoding="UTF-8"?>
<!-- Generated by org.testng.reporters.JUnitReportReporter -->
<testsuite hostname="Lenovo" failures="0" tests="1" name="testCases.TC_LF_001" time="5.755" errors="0" timestamp="2024-11-28T11:15:02 IST" skipped="0">
  <testcase classname="testCases.TC_LF_001" name="testSignUpWithValidInfo" time="5.755"/>
</testsuite> <!-- testCases.TC_LF_001 -->
