<?xml version="1.0" encoding="UTF-8"?>
<!-- Generated by org.testng.reporters.JUnitReportReporter -->
<testsuite hostname="Lenovo" failures="0" tests="1" name="testCases.TC_Search_003" time="5.422" errors="0" timestamp="2024-11-29T14:38:51 IST" skipped="0">
  <testcase classname="testCases.TC_Search_003" name="testSearchBarPlaceholder" time="5.422"/>
</testsuite> <!-- testCases.TC_Search_003 -->
