<?xml version="1.0" encoding="UTF-8"?>
<!-- Generated by org.testng.reporters.JUnitReportReporter -->
<testsuite hostname="Lenovo" failures="0" tests="1" name="testCases.TC_LF_008" time="2.489" errors="0" timestamp="2024-11-28T12:43:34 IST" skipped="0">
  <testcase classname="testCases.TC_LF_008" name="testSigninWithMissingEmailAndPassword" time="2.489"/>
</testsuite> <!-- testCases.TC_LF_008 -->
