<?xml version="1.0" encoding="UTF-8"?>
<!-- Generated by org.testng.reporters.JUnitReportReporter -->
<testsuite hostname="Lenovo" failures="0" tests="6" name="testCases.TC_LF_DDT" time="24.118" errors="0" timestamp="2024-11-28T12:24:34 IST" skipped="0">
  <testcase classname="testCases.TC_LF_DDT" name="testSigninWithValidCredentials" time="2.269"/>
  <testcase classname="testCases.TC_LF_DDT" name="testSigninWithValidCredentials" time="6.550"/>
  <testcase classname="testCases.TC_LF_DDT" name="testSigninWithValidCredentials" time="7.833"/>
  <testcase classname="testCases.TC_LF_DDT" name="testSigninWithValidCredentials" time="2.958"/>
  <testcase classname="testCases.TC_LF_DDT" name="testSigninWithValidCredentials" time="2.440"/>
  <testcase classname="testCases.TC_LF_DDT" name="testSigninWithValidCredentials" time="2.068"/>
</testsuite> <!-- testCases.TC_LF_DDT -->
