<?xml version="1.0" encoding="UTF-8"?>
<!-- Generated by org.testng.reporters.JUnitReportReporter -->
<testsuite hostname="Lenovo" failures="0" tests="1" name="testCases.TC_Delete_001" time="10.056" errors="0" timestamp="2025-02-02T11:14:41 IST" skipped="0">
  <testcase classname="testCases.TC_Delete_001" name="testAccountDeletion" time="10.056"/>
</testsuite> <!-- testCases.TC_Delete_001 -->
