<?xml version="1.0" encoding="UTF-8"?>
<!-- Generated by org.testng.reporters.JUnitReportReporter -->
<testsuite hostname="Lenovo" failures="0" tests="1" name="testCases.TC_Register_007" time="14.706" errors="0" timestamp="2025-02-02T11:14:41 IST" skipped="0">
  <testcase classname="testCases.TC_Register_007" name="testSignUpWithMandatoryFieldsOnly" time="14.706"/>
</testsuite> <!-- testCases.TC_Register_007 -->
