<?xml version="1.0" encoding="UTF-8"?>
<!-- Generated by org.testng.reporters.JUnitReportReporter -->
<testsuite hostname="Lenovo" failures="0" tests="1" name="testCases.TC_Logout_002" time="15.791" errors="0" timestamp="2024-11-29T08:47:59 IST" skipped="0">
  <testcase classname="testCases.TC_Logout_002" name="testLogoutandLogbackin" time="15.791"/>
</testsuite> <!-- testCases.TC_Logout_002 -->
