<?xml version="1.0" encoding="UTF-8"?>
<!-- Generated by org.testng.reporters.JUnitReportReporter -->
<testsuite hostname="Lenovo" failures="0" tests="1" name="testCases.TC_Search_006" time="8.886" errors="0" timestamp="2024-11-29T14:55:37 IST" skipped="0">
  <testcase classname="testCases.TC_Search_006" name="testSearchProductviaSearchBtn" time="8.886"/>
</testsuite> <!-- testCases.TC_Search_006 -->
