<?xml version="1.0" encoding="UTF-8"?>
<!-- Generated by org.testng.reporters.JUnitReportReporter -->
<testsuite hostname="Lenovo" failures="0" tests="1" name="testCases.TC_Cart_010" time="164.443" errors="0" timestamp="2024-12-08T23:39:36 IST" skipped="0">
  <testcase classname="testCases.TC_Cart_010" name="testCartTotalPrice" time="164.443"/>
</testsuite> <!-- testCases.TC_Cart_010 -->
