<?xml version="1.0" encoding="UTF-8"?>
<!-- Generated by org.testng.reporters.JUnitReportReporter -->
<testsuite hostname="Lenovo" failures="0" tests="1" name="testCases.TC_Cart_012" time="28.275" errors="0" timestamp="2024-12-09T00:23:06 IST" skipped="0">
  <testcase classname="testCases.TC_Cart_012" name="testItemDeletionFromMultipleCartItems" time="28.275"/>
</testsuite> <!-- testCases.TC_Cart_012 -->
