<?xml version="1.0" encoding="UTF-8"?>
<!-- Generated by org.testng.reporters.JUnitReportReporter -->
<testsuite hostname="Lenovo" failures="0" tests="7" name="testCases.TC_Login_SigninDDT" time="36.634" errors="0" timestamp="2025-01-25T12:16:13 IST" skipped="0">
  <testcase classname="testCases.TC_Login_SigninDDT" name="testSigninWithValidCredentials" time="2.395"/>
  <testcase classname="testCases.TC_Login_SigninDDT" name="testSigninWithValidCredentials" time="4.387"/>
  <testcase classname="testCases.TC_Login_SigninDDT" name="testSigninWithValidCredentials" time="2.008"/>
  <testcase classname="testCases.TC_Login_SigninDDT" name="testSigninWithValidCredentials" time="2.492"/>
  <testcase classname="testCases.TC_Login_SigninDDT" name="testSigninWithValidCredentials" time="19.260"/>
  <testcase classname="testCases.TC_Login_SigninDDT" name="testSigninWithValidCredentials" time="3.787"/>
  <testcase classname="testCases.TC_Login_SigninDDT" name="testSigninWithValidCredentials" time="2.305"/>
</testsuite> <!-- testCases.TC_Login_SigninDDT -->
