<?xml version="1.0" encoding="UTF-8"?>
<!-- Generated by org.testng.reporters.JUnitReportReporter -->
<testsuite hostname="Lenovo" failures="0" tests="1" name="testCases.TC_RF_018" time="4.706" errors="0" timestamp="2024-11-27T23:32:29 IST" skipped="0">
  <testcase classname="testCases.TC_RF_018" name="testAccountNameFieldMatchesSignupName" time="4.706"/>
</testsuite> <!-- testCases.TC_RF_018 -->
