<?xml version="1.0" encoding="UTF-8"?>
<!-- Generated by org.testng.reporters.JUnitReportReporter -->
<testsuite hostname="Lenovo" failures="0" tests="1" name="testCases.TC_RF_017" time="5.358" errors="0" timestamp="2024-11-27T23:17:05 IST" skipped="0">
  <testcase classname="testCases.TC_RF_017" name="testSignUpWithoutPhone" time="5.358"/>
</testsuite> <!-- testCases.TC_RF_017 -->
