<?xml version="1.0" encoding="UTF-8"?>
<!-- Generated by org.testng.reporters.JUnitReportReporter -->
<testsuite hostname="Lenovo" failures="0" tests="1" name="testCases.TC_Delete_001" time="111.355" errors="0" timestamp="2024-12-21T12:55:35 IST" skipped="0">
  <testcase classname="testCases.TC_Delete_001" name="testAccountDeletion" time="111.355"/>
</testsuite> <!-- testCases.TC_Delete_001 -->
