<?xml version="1.0" encoding="UTF-8"?>
<!-- Generated by org.testng.reporters.JUnitReportReporter -->
<testsuite hostname="Lenovo" failures="0" tests="1" name="testCases.TC_Search_001" time="5.621" errors="0" timestamp="2024-11-29T14:13:32 IST" skipped="0">
  <testcase classname="testCases.TC_Search_001" name="testSearchPageNavigation" time="5.621"/>
</testsuite> <!-- testCases.TC_Search_001 -->
