<?xml version="1.0" encoding="UTF-8"?>
<!-- Generated by org.testng.reporters.JUnitReportReporter -->
<testsuite hostname="Lenovo" failures="0" tests="16" name="testCases.TC_Register_DDFSignupDDT" time="100.158" errors="0" timestamp="2025-01-25T12:16:13 IST" skipped="0">
  <testcase classname="testCases.TC_Register_DDFSignupDDT" name="testSignUpDDT" time="7.430"/>
  <testcase classname="testCases.TC_Register_DDFSignupDDT" name="testSignUpDDT" time="7.238"/>
  <testcase classname="testCases.TC_Register_DDFSignupDDT" name="testSignUpDDT" time="6.935"/>
  <testcase classname="testCases.TC_Register_DDFSignupDDT" name="testSignUpDDT" time="6.920"/>
  <testcase classname="testCases.TC_Register_DDFSignupDDT" name="testSignUpDDT" time="6.621"/>
  <testcase classname="testCases.TC_Register_DDFSignupDDT" name="testSignUpDDT" time="7.035"/>
  <testcase classname="testCases.TC_Register_DDFSignupDDT" name="testSignUpDDT" time="5.705"/>
  <testcase classname="testCases.TC_Register_DDFSignupDDT" name="testSignUpDDT" time="1.387"/>
  <testcase classname="testCases.TC_Register_DDFSignupDDT" name="testSignUpDDT" time="2.089"/>
  <testcase classname="testCases.TC_Register_DDFSignupDDT" name="testSignUpDDT" time="1.820"/>
  <testcase classname="testCases.TC_Register_DDFSignupDDT" name="testSignUpDDT" time="7.378"/>
  <testcase classname="testCases.TC_Register_DDFSignupDDT" name="testSignUpDDT" time="3.572"/>
  <testcase classname="testCases.TC_Register_DDFSignupDDT" name="testSignUpDDT" time="3.359"/>
  <testcase classname="testCases.TC_Register_DDFSignupDDT" name="testSignUpDDT" time="12.946"/>
  <testcase classname="testCases.TC_Register_DDFSignupDDT" name="testSignUpDDT" time="16.983"/>
  <testcase classname="testCases.TC_Register_DDFSignupDDT" name="testSignUpDDT" time="2.740"/>
</testsuite> <!-- testCases.TC_Register_DDFSignupDDT -->
