<?xml version="1.0" encoding="UTF-8"?>
<!-- Generated by org.testng.reporters.JUnitReportReporter -->
<testsuite hostname="Lenovo" failures="0" tests="1" name="testCases.TC_DF_002" time="24.949" errors="0" timestamp="2024-11-29T08:07:21 IST" skipped="0">
  <testcase classname="testCases.TC_DF_002" name="testAccountDeletion" time="24.949"/>
</testsuite> <!-- testCases.TC_DF_002 -->
