<?xml version="1.0" encoding="UTF-8"?>
<!-- Generated by org.testng.reporters.JUnitReportReporter -->
<testsuite hostname="Lenovo" failures="0" tests="1" name="testCases.TC_Cart_009" time="17.866" errors="0" timestamp="2024-11-30T22:46:43 IST" skipped="0">
  <testcase classname="testCases.TC_Cart_009" name="testProductDetailsPageContinueShoppingviaPopupLink" time="17.866"/>
</testsuite> <!-- testCases.TC_Cart_009 -->
