<?xml version="1.0" encoding="UTF-8"?>
<!-- Generated by org.testng.reporters.JUnitReportReporter -->
<testsuite hostname="Lenovo" failures="0" tests="2" name="testCases.TC_RF_016" time="34.348" errors="0" timestamp="2024-11-27T23:08:24 IST" skipped="1">
  <testcase classname="testCases.TC_RF_016" name="testSignUpWithoutPhone" time="26.124">
    <skipped/>
  </testcase> <!-- testSignUpWithoutPhone -->
  <testcase classname="testCases.TC_RF_016" name="testSignUpWithoutPhone" time="8.224"/>
</testsuite> <!-- testCases.TC_RF_016 -->
