<?xml version="1.0" encoding="UTF-8"?>
<!-- Generated by org.testng.reporters.JUnitReportReporter -->
<testsuite hostname="Lenovo" failures="0" tests="1" name="testCases.dasa" time="9.233" errors="0" timestamp="2024-11-28T22:03:05 IST" skipped="0">
  <testcase classname="testCases.dasa" name="testExistingUserSignUp" time="9.233"/>
</testsuite> <!-- testCases.dasa -->
