<?xml version="1.0" encoding="UTF-8"?>
<!-- Generated by org.testng.reporters.JUnitReportReporter -->
<testsuite hostname="Lenovo" failures="0" tests="1" name="testCases.TC_LF_012" time="1.539" errors="0" timestamp="2024-11-28T20:05:09 IST" skipped="0">
  <testcase classname="testCases.TC_LF_012" name="testPasswordFieldToggled" time="1.539"/>
</testsuite> <!-- testCases.TC_LF_012 -->
