<?xml version="1.0" encoding="UTF-8"?>
<!-- Generated by org.testng.reporters.JUnitReportReporter -->
<testsuite hostname="Lenovo" failures="0" tests="1" name="testCases.TC_RF_007" time="4.924" errors="0" timestamp="2024-11-27T23:08:24 IST" skipped="0">
  <testcase classname="testCases.TC_RF_007" name="testExistingUserSignUp" time="4.924"/>
</testsuite> <!-- testCases.TC_RF_007 -->
