<?xml version="1.0" encoding="UTF-8"?>
<!-- Generated by org.testng.reporters.JUnitReportReporter -->
<testsuite hostname="Lenovo" failures="0" tests="1" name="testCases.TC_DF_001" time="23.095" errors="0" timestamp="2024-11-29T07:57:38 IST" skipped="0">
  <testcase classname="testCases.TC_DF_001" name="testAccountDeletion" time="23.095"/>
</testsuite> <!-- testCases.TC_DF_001 -->
