<?xml version="1.0" encoding="UTF-8"?>
<!-- Generated by org.testng.reporters.JUnitReportReporter -->
<testsuite hostname="Lenovo" failures="0" tests="1" name="testCases.TC_Cart_007" time="10.775" errors="0" timestamp="2024-11-29T23:39:45 IST" skipped="0">
  <testcase classname="testCases.TC_Cart_007" name="testProductsPageContinueShoppingviaPopupLink" time="10.775"/>
</testsuite> <!-- testCases.TC_Cart_007 -->
