<?xml version="1.0" encoding="UTF-8"?>
<!-- Generated by org.testng.reporters.JUnitReportReporter -->
<testsuite hostname="Lenovo" failures="0" tests="1" name="testCases.TC_Delete_002" time="8.323" errors="0" timestamp="2024-12-07T11:20:47 IST" skipped="0">
  <testcase classname="testCases.TC_Delete_002" name="testLoginAfterAccountDeletion" time="8.323"/>
</testsuite> <!-- testCases.TC_Delete_002 -->
