<?xml version="1.0" encoding="UTF-8"?>
<!-- Generated by org.testng.reporters.JUnitReportReporter -->
<testsuite hostname="Lenovo" failures="0" tests="1" name="testCases.TC_LF_009" time="1.649" errors="0" timestamp="2024-11-28T19:38:11 IST" skipped="0">
  <testcase classname="testCases.TC_LF_009" name="testPlaceHolderText" time="1.649"/>
</testsuite> <!-- testCases.TC_LF_009 -->
