<?xml version="1.0" encoding="UTF-8"?>
<!-- Generated by org.testng.reporters.JUnitReportReporter -->
<testsuite hostname="Lenovo" failures="0" tests="1" name="testCases.TC_Cart_006" time="39.996" errors="0" timestamp="2024-11-29T23:39:15 IST" skipped="0">
  <testcase classname="testCases.TC_Cart_006" name="testProductDetailsPageNavigateToCartviaPopupLink" time="39.996"/>
</testsuite> <!-- testCases.TC_Cart_006 -->
