<?xml version="1.0" encoding="UTF-8"?>
<!-- Generated by org.testng.reporters.JUnitReportReporter -->
<testsuite hostname="Lenovo" failures="0" tests="1" name="testCases.test" time="12.617" errors="0" timestamp="2024-11-28T22:01:18 IST" skipped="0">
  <testcase classname="testCases.test" name="testing" time="12.617"/>
</testsuite> <!-- testCases.test -->
