<?xml version="1.0" encoding="UTF-8"?>
<!-- Generated by org.testng.reporters.JUnitReportReporter -->
<testsuite hostname="Lenovo" failures="0" tests="1" name="testCases.TC_Cart_008" time="8.131" errors="0" timestamp="2024-11-29T23:41:29 IST" skipped="0">
  <testcase classname="testCases.TC_Cart_008" name="testProductDetailsPageContinueShoppingviaPopupLink" time="8.131"/>
</testsuite> <!-- testCases.TC_Cart_008 -->
