<?xml version="1.0" encoding="UTF-8"?>
<!-- Generated by org.testng.reporters.JUnitReportReporter -->
<testsuite hostname="Lenovo" failures="0" tests="16" name="testCases.TC_RF_DDFSignupDDT" time="169.058" errors="0" timestamp="2024-11-28T15:55:17 IST" skipped="0">
  <testcase classname="testCases.TC_RF_DDFSignupDDT" name="testSignUpDDT" time="10.446"/>
  <testcase classname="testCases.TC_RF_DDFSignupDDT" name="testSignUpDDT" time="30.190"/>
  <testcase classname="testCases.TC_RF_DDFSignupDDT" name="testSignUpDDT" time="11.891"/>
  <testcase classname="testCases.TC_RF_DDFSignupDDT" name="testSignUpDDT" time="5.013"/>
  <testcase classname="testCases.TC_RF_DDFSignupDDT" name="testSignUpDDT" time="20.406"/>
  <testcase classname="testCases.TC_RF_DDFSignupDDT" name="testSignUpDDT" time="2.498"/>
  <testcase classname="testCases.TC_RF_DDFSignupDDT" name="testSignUpDDT" time="3.072"/>
  <testcase classname="testCases.TC_RF_DDFSignupDDT" name="testSignUpDDT" time="6.202"/>
  <testcase classname="testCases.TC_RF_DDFSignupDDT" name="testSignUpDDT" time="3.692"/>
  <testcase classname="testCases.TC_RF_DDFSignupDDT" name="testSignUpDDT" time="11.947"/>
  <testcase classname="testCases.TC_RF_DDFSignupDDT" name="testSignUpDDT" time="14.496"/>
  <testcase classname="testCases.TC_RF_DDFSignupDDT" name="testSignUpDDT" time="14.295"/>
  <testcase classname="testCases.TC_RF_DDFSignupDDT" name="testSignUpDDT" time="9.171"/>
  <testcase classname="testCases.TC_RF_DDFSignupDDT" name="testSignUpDDT" time="10.524"/>
  <testcase classname="testCases.TC_RF_DDFSignupDDT" name="testSignUpDDT" time="12.756"/>
  <testcase classname="testCases.TC_RF_DDFSignupDDT" name="testSignUpDDT" time="2.459"/>
</testsuite> <!-- testCases.TC_RF_DDFSignupDDT -->
