<?xml version="1.0" encoding="UTF-8"?>
<!-- Generated by org.testng.reporters.JUnitReportReporter -->
<testsuite hostname="Lenovo" failures="0" tests="1" name="testCases.TC_LF_005" time="2.159" errors="0" timestamp="2024-11-28T12:42:34 IST" skipped="0">
  <testcase classname="testCases.TC_LF_005" name="testSigninWithInvalidEmailFormat" time="2.159"/>
</testsuite> <!-- testCases.TC_LF_005 -->
