<?xml version="1.0" encoding="UTF-8"?>
<!-- Generated by org.testng.reporters.JUnitReportReporter -->
<testsuite hostname="Lenovo" failures="0" tests="1" name="testCases.TC_LF_013" time="1.923" errors="0" timestamp="2024-11-28T20:25:08 IST" skipped="0">
  <testcase classname="testCases.TC_LF_013" name="testPasswordVisibilityInPageSource" time="1.923"/>
</testsuite> <!-- testCases.TC_LF_013 -->
