<?xml version="1.0" encoding="UTF-8"?>
<!-- Generated by org.testng.reporters.JUnitReportReporter -->
<testsuite hostname="Lenovo" failures="0" tests="1" name="testCases.TC_Search_002" time="5.367" errors="0" timestamp="2024-12-01T00:25:33 IST" skipped="0">
  <testcase classname="testCases.TC_Search_002" name="testSearchProductviaSearchBtn" time="5.367"/>
</testsuite> <!-- testCases.TC_Search_002 -->
