<?xml version="1.0" encoding="UTF-8"?>
<!-- Generated by org.testng.reporters.JUnitReportReporter -->
<testsuite hostname="Lenovo" failures="0" tests="1" name="testCases.TC_Search_001" time="2.758" errors="0" timestamp="2024-12-01T00:25:33 IST" skipped="0">
  <testcase classname="testCases.TC_Search_001" name="testSearchPageNavigation" time="2.758"/>
</testsuite> <!-- testCases.TC_Search_001 -->
